1	10:46:07	File loaded from C:\Users\VR-Lab\Documents\SquashAI\Calibrations\SM_Trial_2_RT.qtm	
1	10:48:03	File closed	
1	10:48:04	Realtime started	
2	10:49:20	File loaded from C:\Users\VR-Lab\Documents\SquashAI\Calibrations\SM_Trial_2_RT.qtm	
1	10:49:33	Disconnected	
1	12:43:29	File loaded from C:\Users\VR-Lab\Documents\SquashAI\Calibrations\SM_Trial_2_RT.qtm	
1	14:08:15	File closed	
1	14:09:21	Realtime started	
1	14:26:10	File created	
1	14:26:15	File closed	
1	14:26:16	Realtime started	
1	14:26:59	File created	
1	14:27:54	File saved as C:\Users\VR-Lab\Documents\SquashAI\Calibrations\SM_Trial_3_Model.qtm	
1	14:36:05	File saved as C:\Users\VR-Lab\Documents\SquashAI\Calibrations\SM_Trial_3_Model.qtm	
1	14:47:52	File saved as C:\Users\VR-Lab\Documents\SquashAI\Calibrations\SM_Trial_3_Model.qtm	
1	14:47:53	File closed	
1	14:47:55	Realtime started	
1	14:50:35	File created	
1	14:55:34	File saved as C:\Users\VR-Lab\Documents\SquashAI\Calibrations\SM_Trial_3_RT.qtm	
1	14:56:55	File closed	
1	14:57:02	Realtime started	
1	14:59:02	Disconnected	
1	14:59:04	Realtime started	
2	15:02:23	File loaded from C:\Users\VR-Lab\Documents\SquashAI\Calibrations\SM_Trial_3_RT.qtm	
1	15:02:31	Disconnected	
2	15:03:46	File closed	
